2020-04-30 10:23:05.220  INFO 17716 --- [Thread-11] o.s.s.concurrent.ThreadPoolTaskExecutor  : Shutting down ExecutorService 'applicationTaskExecutor'
2020-04-30 10:23:12.889  INFO 17716 --- [restartedMain] com.elasticsearch.test.TestApplication   : Starting TestApplication on B00564948 with PID 17716 (C:\Users\b00564948\Desktop\test\target\classes started by b00564948 in C:\Users\b00564948\Desktop\test)
2020-04-30 10:23:12.889  INFO 17716 --- [restartedMain] com.elasticsearch.test.TestApplication   : No active profile set, falling back to default profiles: default
2020-04-30 10:23:13.046  INFO 17716 --- [restartedMain] .s.d.r.c.RepositoryConfigurationDelegate : Bootstrapping Spring Data Elasticsearch repositories in DEFAULT mode.
2020-04-30 10:23:13.047  INFO 17716 --- [restartedMain] .s.d.r.c.RepositoryConfigurationDelegate : Finished Spring Data repository scanning in 1ms. Found 0 Elasticsearch repository interfaces.
2020-04-30 10:23:13.049  INFO 17716 --- [restartedMain] .s.d.r.c.RepositoryConfigurationDelegate : Bootstrapping Spring Data Reactive Elasticsearch repositories in DEFAULT mode.
2020-04-30 10:23:13.050  INFO 17716 --- [restartedMain] .s.d.r.c.RepositoryConfigurationDelegate : Finished Spring Data repository scanning in 0ms. Found 0 Reactive Elasticsearch repository interfaces.
2020-04-30 10:23:13.236  INFO 17716 --- [restartedMain] o.s.b.w.embedded.tomcat.TomcatWebServer  : Tomcat initialized with port(s): 8080 (http)
2020-04-30 10:23:13.237  INFO 17716 --- [restartedMain] o.apache.catalina.core.StandardService   : Starting service [Tomcat]
2020-04-30 10:23:13.237  INFO 17716 --- [restartedMain] org.apache.catalina.core.StandardEngine  : Starting Servlet engine: [Apache Tomcat/9.0.33]
2020-04-30 10:23:13.281  INFO 17716 --- [restartedMain] o.a.c.c.C.[Tomcat].[localhost].[/]       : Initializing Spring embedded WebApplicationContext
2020-04-30 10:23:13.281  INFO 17716 --- [restartedMain] o.s.web.context.ContextLoader            : Root WebApplicationContext: initialization completed in 388 ms
2020-04-30 10:23:13.348  INFO 17716 --- [restartedMain] o.s.s.concurrent.ThreadPoolTaskExecutor  : Initializing ExecutorService 'applicationTaskExecutor'
2020-04-30 10:23:13.438  INFO 17716 --- [restartedMain] o.s.b.d.a.OptionalLiveReloadServer       : LiveReload server is running on port 35729
2020-04-30 10:23:13.458  INFO 17716 --- [restartedMain] o.s.b.w.embedded.tomcat.TomcatWebServer  : Tomcat started on port(s): 8080 (http) with context path ''
2020-04-30 10:23:13.459  INFO 17716 --- [restartedMain] com.elasticsearch.test.TestApplication   : Started TestApplication in 0.611 seconds (JVM running for 71235.715)
2020-04-30 10:23:13.460  INFO 17716 --- [restartedMain] .ConditionEvaluationDeltaLoggingListener : Condition evaluation unchanged
2020-04-30 10:23:15.278  INFO 17716 --- [Thread-29] o.s.s.concurrent.ThreadPoolTaskExecutor  : Shutting down ExecutorService 'applicationTaskExecutor'
2020-04-30 10:23:15.557  INFO 17716 --- [restartedMain] com.elasticsearch.test.TestApplication   : Starting TestApplication on B00564948 with PID 17716 (C:\Users\b00564948\Desktop\test\target\classes started by b00564948 in C:\Users\b00564948\Desktop\test)
2020-04-30 10:23:15.557  INFO 17716 --- [restartedMain] com.elasticsearch.test.TestApplication   : No active profile set, falling back to default profiles: default
2020-04-30 10:23:15.679  INFO 17716 --- [restartedMain] .s.d.r.c.RepositoryConfigurationDelegate : Bootstrapping Spring Data Elasticsearch repositories in DEFAULT mode.
2020-04-30 10:23:15.689  INFO 17716 --- [restartedMain] .s.d.r.c.RepositoryConfigurationDelegate : Finished Spring Data repository scanning in 10ms. Found 1 Elasticsearch repository interfaces.
2020-04-30 10:23:15.719  INFO 17716 --- [restartedMain] .s.d.r.c.RepositoryConfigurationDelegate : Bootstrapping Spring Data Reactive Elasticsearch repositories in DEFAULT mode.
2020-04-30 10:23:15.726  INFO 17716 --- [restartedMain] .s.d.r.c.RepositoryConfigurationDelegate : Finished Spring Data repository scanning in 6ms. Found 0 Reactive Elasticsearch repository interfaces.
2020-04-30 10:23:15.852  INFO 17716 --- [restartedMain] o.s.b.w.embedded.tomcat.TomcatWebServer  : Tomcat initialized with port(s): 8080 (http)
2020-04-30 10:23:15.853  INFO 17716 --- [restartedMain] o.apache.catalina.core.StandardService   : Starting service [Tomcat]
2020-04-30 10:23:15.853  INFO 17716 --- [restartedMain] org.apache.catalina.core.StandardEngine  : Starting Servlet engine: [Apache Tomcat/9.0.33]
2020-04-30 10:23:15.875  INFO 17716 --- [restartedMain] o.a.c.c.C.[Tomcat].[localhost].[/]       : Initializing Spring embedded WebApplicationContext
2020-04-30 10:23:15.875  INFO 17716 --- [restartedMain] o.s.web.context.ContextLoader            : Root WebApplicationContext: initialization completed in 316 ms
2020-04-30 10:23:15.911  INFO 17716 --- [restartedMain] o.s.b.d.a.OptionalLiveReloadServer       : LiveReload server is running on port 35729
2020-04-30 10:23:19.930  WARN 17716 --- [restartedMain] ConfigServletWebServerApplicationContext : Exception encountered during context initialization - cancelling refresh attempt: org.springframework.beans.factory.UnsatisfiedDependencyException: Error creating bean with name 'kafkaRestController': Unsatisfied dependency expressed through field 'service'; nested exception is org.springframework.beans.factory.UnsatisfiedDependencyException: Error creating bean with name 'userServiceImpl': Unsatisfied dependency expressed through field 'elasticSearchRepository'; nested exception is org.springframework.beans.factory.BeanCreationException: Error creating bean with name 'userElasticSearchRepository': Invocation of init method failed; nested exception is org.springframework.beans.BeanInstantiationException: Failed to instantiate [org.springframework.data.elasticsearch.repository.support.SimpleElasticsearchRepository]: Constructor threw exception; nested exception is org.springframework.data.elasticsearch.ElasticsearchException: Error while for indexExists request: org.elasticsearch.action.admin.indices.get.GetIndexRequest@4d34fb66
2020-04-30 10:23:19.932  INFO 17716 --- [restartedMain] o.apache.catalina.core.StandardService   : Stopping service [Tomcat]
2020-04-30 10:23:19.938  INFO 17716 --- [restartedMain] ConditionEvaluationReportLoggingListener : 

Error starting ApplicationContext. To display the conditions report re-run your application with 'debug' enabled.
2020-04-30 10:23:19.949 ERROR 17716 --- [restartedMain] o.s.boot.SpringApplication               : Application run failed

org.springframework.beans.factory.UnsatisfiedDependencyException: Error creating bean with name 'kafkaRestController': Unsatisfied dependency expressed through field 'service'; nested exception is org.springframework.beans.factory.UnsatisfiedDependencyException: Error creating bean with name 'userServiceImpl': Unsatisfied dependency expressed through field 'elasticSearchRepository'; nested exception is org.springframework.beans.factory.BeanCreationException: Error creating bean with name 'userElasticSearchRepository': Invocation of init method failed; nested exception is org.springframework.beans.BeanInstantiationException: Failed to instantiate [org.springframework.data.elasticsearch.repository.support.SimpleElasticsearchRepository]: Constructor threw exception; nested exception is org.springframework.data.elasticsearch.ElasticsearchException: Error while for indexExists request: org.elasticsearch.action.admin.indices.get.GetIndexRequest@4d34fb66
	at org.springframework.beans.factory.annotation.AutowiredAnnotationBeanPostProcessor$AutowiredFieldElement.inject(AutowiredAnnotationBeanPostProcessor.java:643) ~[spring-beans-5.2.5.RELEASE.jar:5.2.5.RELEASE]
	at org.springframework.beans.factory.annotation.InjectionMetadata.inject(InjectionMetadata.java:130) ~[spring-beans-5.2.5.RELEASE.jar:5.2.5.RELEASE]
	at org.springframework.beans.factory.annotation.AutowiredAnnotationBeanPostProcessor.postProcessProperties(AutowiredAnnotationBeanPostProcessor.java:399) ~[spring-beans-5.2.5.RELEASE.jar:5.2.5.RELEASE]
	at org.springframework.beans.factory.support.AbstractAutowireCapableBeanFactory.populateBean(AbstractAutowireCapableBeanFactory.java:1422) ~[spring-beans-5.2.5.RELEASE.jar:5.2.5.RELEASE]
	at org.springframework.beans.factory.support.AbstractAutowireCapableBeanFactory.doCreateBean(AbstractAutowireCapableBeanFactory.java:594) ~[spring-beans-5.2.5.RELEASE.jar:5.2.5.RELEASE]
	at org.springframework.beans.factory.support.AbstractAutowireCapableBeanFactory.createBean(AbstractAutowireCapableBeanFactory.java:517) ~[spring-beans-5.2.5.RELEASE.jar:5.2.5.RELEASE]
	at org.springframework.beans.factory.support.AbstractBeanFactory.lambda$doGetBean$0(AbstractBeanFactory.java:323) ~[spring-beans-5.2.5.RELEASE.jar:5.2.5.RELEASE]
	at org.springframework.beans.factory.support.DefaultSingletonBeanRegistry.getSingleton(DefaultSingletonBeanRegistry.java:222) ~[spring-beans-5.2.5.RELEASE.jar:5.2.5.RELEASE]
	at org.springframework.beans.factory.support.AbstractBeanFactory.doGetBean(AbstractBeanFactory.java:321) ~[spring-beans-5.2.5.RELEASE.jar:5.2.5.RELEASE]
	at org.springframework.beans.factory.support.AbstractBeanFactory.getBean(AbstractBeanFactory.java:202) ~[spring-beans-5.2.5.RELEASE.jar:5.2.5.RELEASE]
	at org.springframework.beans.factory.support.DefaultListableBeanFactory.preInstantiateSingletons(DefaultListableBeanFactory.java:882) ~[spring-beans-5.2.5.RELEASE.jar:5.2.5.RELEASE]
	at org.springframework.context.support.AbstractApplicationContext.finishBeanFactoryInitialization(AbstractApplicationContext.java:878) ~[spring-context-5.2.5.RELEASE.jar:5.2.5.RELEASE]
	at org.springframework.context.support.AbstractApplicationContext.refresh(AbstractApplicationContext.java:550) ~[spring-context-5.2.5.RELEASE.jar:5.2.5.RELEASE]
	at org.springframework.boot.web.servlet.context.ServletWebServerApplicationContext.refresh(ServletWebServerApplicationContext.java:141) ~[spring-boot-2.2.6.RELEASE.jar:2.2.6.RELEASE]
	at org.springframework.boot.SpringApplication.refresh(SpringApplication.java:747) [spring-boot-2.2.6.RELEASE.jar:2.2.6.RELEASE]
	at org.springframework.boot.SpringApplication.refreshContext(SpringApplication.java:397) [spring-boot-2.2.6.RELEASE.jar:2.2.6.RELEASE]
	at org.springframework.boot.SpringApplication.run(SpringApplication.java:315) [spring-boot-2.2.6.RELEASE.jar:2.2.6.RELEASE]
	at org.springframework.boot.SpringApplication.run(SpringApplication.java:1226) [spring-boot-2.2.6.RELEASE.jar:2.2.6.RELEASE]
	at org.springframework.boot.SpringApplication.run(SpringApplication.java:1215) [spring-boot-2.2.6.RELEASE.jar:2.2.6.RELEASE]
	at com.elasticsearch.test.TestApplication.main(TestApplication.java:10) [classes/:na]
	at sun.reflect.NativeMethodAccessorImpl.invoke0(Native Method) ~[na:1.8.0_231]
	at sun.reflect.NativeMethodAccessorImpl.invoke(NativeMethodAccessorImpl.java:62) ~[na:1.8.0_231]
	at sun.reflect.DelegatingMethodAccessorImpl.invoke(DelegatingMethodAccessorImpl.java:43) ~[na:1.8.0_231]
	at java.lang.reflect.Method.invoke(Method.java:498) ~[na:1.8.0_231]
	at org.springframework.boot.devtools.restart.RestartLauncher.run(RestartLauncher.java:49) [spring-boot-devtools-2.2.6.RELEASE.jar:2.2.6.RELEASE]
Caused by: org.springframework.beans.factory.UnsatisfiedDependencyException: Error creating bean with name 'userServiceImpl': Unsatisfied dependency expressed through field 'elasticSearchRepository'; nested exception is org.springframework.beans.factory.BeanCreationException: Error creating bean with name 'userElasticSearchRepository': Invocation of init method failed; nested exception is org.springframework.beans.BeanInstantiationException: Failed to instantiate [org.springframework.data.elasticsearch.repository.support.SimpleElasticsearchRepository]: Constructor threw exception; nested exception is org.springframework.data.elasticsearch.ElasticsearchException: Error while for indexExists request: org.elasticsearch.action.admin.indices.get.GetIndexRequest@4d34fb66
	at org.springframework.beans.factory.annotation.AutowiredAnnotationBeanPostProcessor$AutowiredFieldElement.inject(AutowiredAnnotationBeanPostProcessor.java:643) ~[spring-beans-5.2.5.RELEASE.jar:5.2.5.RELEASE]
	at org.springframework.beans.factory.annotation.InjectionMetadata.inject(InjectionMetadata.java:130) ~[spring-beans-5.2.5.RELEASE.jar:5.2.5.RELEASE]
	at org.springframework.beans.factory.annotation.AutowiredAnnotationBeanPostProcessor.postProcessProperties(AutowiredAnnotationBeanPostProcessor.java:399) ~[spring-beans-5.2.5.RELEASE.jar:5.2.5.RELEASE]
	at org.springframework.beans.factory.support.AbstractAutowireCapableBeanFactory.populateBean(AbstractAutowireCapableBeanFactory.java:1422) ~[spring-beans-5.2.5.RELEASE.jar:5.2.5.RELEASE]
	at org.springframework.beans.factory.support.AbstractAutowireCapableBeanFactory.doCreateBean(AbstractAutowireCapableBeanFactory.java:594) ~[spring-beans-5.2.5.RELEASE.jar:5.2.5.RELEASE]
	at org.springframework.beans.factory.support.AbstractAutowireCapableBeanFactory.createBean(AbstractAutowireCapableBeanFactory.java:517) ~[spring-beans-5.2.5.RELEASE.jar:5.2.5.RELEASE]
	at org.springframework.beans.factory.support.AbstractBeanFactory.lambda$doGetBean$0(AbstractBeanFactory.java:323) ~[spring-beans-5.2.5.RELEASE.jar:5.2.5.RELEASE]
	at org.springframework.beans.factory.support.DefaultSingletonBeanRegistry.getSingleton(DefaultSingletonBeanRegistry.java:222) ~[spring-beans-5.2.5.RELEASE.jar:5.2.5.RELEASE]
	at org.springframework.beans.factory.support.AbstractBeanFactory.doGetBean(AbstractBeanFactory.java:321) ~[spring-beans-5.2.5.RELEASE.jar:5.2.5.RELEASE]
	at org.springframework.beans.factory.support.AbstractBeanFactory.getBean(AbstractBeanFactory.java:202) ~[spring-beans-5.2.5.RELEASE.jar:5.2.5.RELEASE]
	at org.springframework.beans.factory.config.DependencyDescriptor.resolveCandidate(DependencyDescriptor.java:276) ~[spring-beans-5.2.5.RELEASE.jar:5.2.5.RELEASE]
	at org.springframework.beans.factory.support.DefaultListableBeanFactory.doResolveDependency(DefaultListableBeanFactory.java:1290) ~[spring-beans-5.2.5.RELEASE.jar:5.2.5.RELEASE]
	at org.springframework.beans.factory.support.DefaultListableBeanFactory.resolveDependency(DefaultListableBeanFactory.java:1210) ~[spring-beans-5.2.5.RELEASE.jar:5.2.5.RELEASE]
	at org.springframework.beans.factory.annotation.AutowiredAnnotationBeanPostProcessor$AutowiredFieldElement.inject(AutowiredAnnotationBeanPostProcessor.java:640) ~[spring-beans-5.2.5.RELEASE.jar:5.2.5.RELEASE]
	... 24 common frames omitted
Caused by: org.springframework.beans.factory.BeanCreationException: Error creating bean with name 'userElasticSearchRepository': Invocation of init method failed; nested exception is org.springframework.beans.BeanInstantiationException: Failed to instantiate [org.springframework.data.elasticsearch.repository.support.SimpleElasticsearchRepository]: Constructor threw exception; nested exception is org.springframework.data.elasticsearch.ElasticsearchException: Error while for indexExists request: org.elasticsearch.action.admin.indices.get.GetIndexRequest@4d34fb66
	at org.springframework.beans.factory.support.AbstractAutowireCapableBeanFactory.initializeBean(AbstractAutowireCapableBeanFactory.java:1796) ~[spring-beans-5.2.5.RELEASE.jar:5.2.5.RELEASE]
	at org.springframework.beans.factory.support.AbstractAutowireCapableBeanFactory.doCreateBean(AbstractAutowireCapableBeanFactory.java:595) ~[spring-beans-5.2.5.RELEASE.jar:5.2.5.RELEASE]
	at org.springframework.beans.factory.support.AbstractAutowireCapableBeanFactory.createBean(AbstractAutowireCapableBeanFactory.java:517) ~[spring-beans-5.2.5.RELEASE.jar:5.2.5.RELEASE]
	at org.springframework.beans.factory.support.AbstractBeanFactory.lambda$doGetBean$0(AbstractBeanFactory.java:323) ~[spring-beans-5.2.5.RELEASE.jar:5.2.5.RELEASE]
	at org.springframework.beans.factory.support.DefaultSingletonBeanRegistry.getSingleton(DefaultSingletonBeanRegistry.java:222) ~[spring-beans-5.2.5.RELEASE.jar:5.2.5.RELEASE]
	at org.springframework.beans.factory.support.AbstractBeanFactory.doGetBean(AbstractBeanFactory.java:321) ~[spring-beans-5.2.5.RELEASE.jar:5.2.5.RELEASE]
	at org.springframework.beans.factory.support.AbstractBeanFactory.getBean(AbstractBeanFactory.java:202) ~[spring-beans-5.2.5.RELEASE.jar:5.2.5.RELEASE]
	at org.springframework.beans.factory.config.DependencyDescriptor.resolveCandidate(DependencyDescriptor.java:276) ~[spring-beans-5.2.5.RELEASE.jar:5.2.5.RELEASE]
	at org.springframework.beans.factory.support.DefaultListableBeanFactory.doResolveDependency(DefaultListableBeanFactory.java:1290) ~[spring-beans-5.2.5.RELEASE.jar:5.2.5.RELEASE]
	at org.springframework.beans.factory.support.DefaultListableBeanFactory.resolveDependency(DefaultListableBeanFactory.java:1210) ~[spring-beans-5.2.5.RELEASE.jar:5.2.5.RELEASE]
	at org.springframework.beans.factory.annotation.AutowiredAnnotationBeanPostProcessor$AutowiredFieldElement.inject(AutowiredAnnotationBeanPostProcessor.java:640) ~[spring-beans-5.2.5.RELEASE.jar:5.2.5.RELEASE]
	... 37 common frames omitted
Caused by: org.springframework.beans.BeanInstantiationException: Failed to instantiate [org.springframework.data.elasticsearch.repository.support.SimpleElasticsearchRepository]: Constructor threw exception; nested exception is org.springframework.data.elasticsearch.ElasticsearchException: Error while for indexExists request: org.elasticsearch.action.admin.indices.get.GetIndexRequest@4d34fb66
	at org.springframework.beans.BeanUtils.instantiateClass(BeanUtils.java:217) ~[spring-beans-5.2.5.RELEASE.jar:5.2.5.RELEASE]
	at org.springframework.data.repository.core.support.RepositoryFactorySupport.lambda$getTargetRepositoryViaReflection$3(RepositoryFactorySupport.java:521) ~[spring-data-commons-2.2.6.RELEASE.jar:2.2.6.RELEASE]
	at java.util.Optional.map(Optional.java:215) ~[na:1.8.0_231]
	at org.springframework.data.repository.core.support.RepositoryFactorySupport.getTargetRepositoryViaReflection(RepositoryFactorySupport.java:521) ~[spring-data-commons-2.2.6.RELEASE.jar:2.2.6.RELEASE]
	at org.springframework.data.repository.core.support.RepositoryFactorySupport.getTargetRepositoryViaReflection(RepositoryFactorySupport.java:506) ~[spring-data-commons-2.2.6.RELEASE.jar:2.2.6.RELEASE]
	at org.springframework.data.elasticsearch.repository.support.ElasticsearchRepositoryFactory.getTargetRepository(ElasticsearchRepositoryFactory.java:72) ~[spring-data-elasticsearch-3.2.6.RELEASE.jar:3.2.6.RELEASE]
	at org.springframework.data.repository.core.support.RepositoryFactorySupport.getRepository(RepositoryFactorySupport.java:312) ~[spring-data-commons-2.2.6.RELEASE.jar:2.2.6.RELEASE]
	at org.springframework.data.repository.core.support.RepositoryFactoryBeanSupport.lambda$afterPropertiesSet$5(RepositoryFactoryBeanSupport.java:297) ~[spring-data-commons-2.2.6.RELEASE.jar:2.2.6.RELEASE]
	at org.springframework.data.util.Lazy.getNullable(Lazy.java:212) ~[spring-data-commons-2.2.6.RELEASE.jar:2.2.6.RELEASE]
	at org.springframework.data.util.Lazy.get(Lazy.java:94) ~[spring-data-commons-2.2.6.RELEASE.jar:2.2.6.RELEASE]
	at org.springframework.data.repository.core.support.RepositoryFactoryBeanSupport.afterPropertiesSet(RepositoryFactoryBeanSupport.java:300) ~[spring-data-commons-2.2.6.RELEASE.jar:2.2.6.RELEASE]
	at org.springframework.data.elasticsearch.repository.support.ElasticsearchRepositoryFactoryBean.afterPropertiesSet(ElasticsearchRepositoryFactoryBean.java:67) ~[spring-data-elasticsearch-3.2.6.RELEASE.jar:3.2.6.RELEASE]
	at org.springframework.beans.factory.support.AbstractAutowireCapableBeanFactory.invokeInitMethods(AbstractAutowireCapableBeanFactory.java:1855) ~[spring-beans-5.2.5.RELEASE.jar:5.2.5.RELEASE]
	at org.springframework.beans.factory.support.AbstractAutowireCapableBeanFactory.initializeBean(AbstractAutowireCapableBeanFactory.java:1792) ~[spring-beans-5.2.5.RELEASE.jar:5.2.5.RELEASE]
	... 47 common frames omitted
Caused by: org.springframework.data.elasticsearch.ElasticsearchException: Error while for indexExists request: org.elasticsearch.action.admin.indices.get.GetIndexRequest@4d34fb66
	at org.springframework.data.elasticsearch.core.ElasticsearchRestTemplate.indexExists(ElasticsearchRestTemplate.java:842) ~[spring-data-elasticsearch-3.2.6.RELEASE.jar:3.2.6.RELEASE]
	at org.springframework.data.elasticsearch.core.ElasticsearchRestTemplate.createIndexIfNotCreated(ElasticsearchRestTemplate.java:1219) ~[spring-data-elasticsearch-3.2.6.RELEASE.jar:3.2.6.RELEASE]
	at org.springframework.data.elasticsearch.core.ElasticsearchRestTemplate.createIndex(ElasticsearchRestTemplate.java:251) ~[spring-data-elasticsearch-3.2.6.RELEASE.jar:3.2.6.RELEASE]
	at org.springframework.data.elasticsearch.repository.support.AbstractElasticsearchRepository.createIndex(AbstractElasticsearchRepository.java:99) ~[spring-data-elasticsearch-3.2.6.RELEASE.jar:3.2.6.RELEASE]
	at org.springframework.data.elasticsearch.repository.support.AbstractElasticsearchRepository.<init>(AbstractElasticsearchRepository.java:89) ~[spring-data-elasticsearch-3.2.6.RELEASE.jar:3.2.6.RELEASE]
	at org.springframework.data.elasticsearch.repository.support.SimpleElasticsearchRepository.<init>(SimpleElasticsearchRepository.java:39) ~[spring-data-elasticsearch-3.2.6.RELEASE.jar:3.2.6.RELEASE]
	at sun.reflect.NativeConstructorAccessorImpl.newInstance0(Native Method) ~[na:1.8.0_231]
	at sun.reflect.NativeConstructorAccessorImpl.newInstance(NativeConstructorAccessorImpl.java:62) ~[na:1.8.0_231]
	at sun.reflect.DelegatingConstructorAccessorImpl.newInstance(DelegatingConstructorAccessorImpl.java:45) ~[na:1.8.0_231]
	at java.lang.reflect.Constructor.newInstance(Constructor.java:423) ~[na:1.8.0_231]
	at org.springframework.beans.BeanUtils.instantiateClass(BeanUtils.java:204) ~[spring-beans-5.2.5.RELEASE.jar:5.2.5.RELEASE]
	... 60 common frames omitted
Caused by: java.net.ConnectException: Connection refused: no further information
	at org.elasticsearch.client.RestClient$SyncResponseListener.get(RestClient.java:959) ~[elasticsearch-rest-client-6.8.7.jar:6.5.4]
	at org.elasticsearch.client.RestClient.performRequest(RestClient.java:233) ~[elasticsearch-rest-client-6.8.7.jar:6.5.4]
	at org.elasticsearch.client.RestHighLevelClient.internalPerformRequest(RestHighLevelClient.java:1593) ~[elasticsearch-rest-high-level-client-6.5.4.jar:6.5.4]
	at org.elasticsearch.client.RestHighLevelClient.performRequest(RestHighLevelClient.java:1563) ~[elasticsearch-rest-high-level-client-6.5.4.jar:6.5.4]
	at org.elasticsearch.client.IndicesClient.exists(IndicesClient.java:848) ~[elasticsearch-rest-high-level-client-6.5.4.jar:6.5.4]
	at org.springframework.data.elasticsearch.core.ElasticsearchRestTemplate.indexExists(ElasticsearchRestTemplate.java:840) ~[spring-data-elasticsearch-3.2.6.RELEASE.jar:3.2.6.RELEASE]
	... 70 common frames omitted
Caused by: java.net.ConnectException: Connection refused: no further information
	at sun.nio.ch.SocketChannelImpl.checkConnect(Native Method) ~[na:1.8.0_231]
	at sun.nio.ch.SocketChannelImpl.finishConnect(SocketChannelImpl.java:717) ~[na:1.8.0_231]
	at org.apache.http.impl.nio.reactor.DefaultConnectingIOReactor.processEvent(DefaultConnectingIOReactor.java:174) ~[httpcore-nio-4.4.13.jar:4.4.13]
	at org.apache.http.impl.nio.reactor.DefaultConnectingIOReactor.processEvents(DefaultConnectingIOReactor.java:148) ~[httpcore-nio-4.4.13.jar:4.4.13]
	at org.apache.http.impl.nio.reactor.AbstractMultiworkerIOReactor.execute(AbstractMultiworkerIOReactor.java:351) ~[httpcore-nio-4.4.13.jar:4.4.13]
	at org.apache.http.impl.nio.conn.PoolingNHttpClientConnectionManager.execute(PoolingNHttpClientConnectionManager.java:221) ~[httpasyncclient-4.1.4.jar:4.1.4]
	at org.apache.http.impl.nio.client.CloseableHttpAsyncClientBase$1.run(CloseableHttpAsyncClientBase.java:64) ~[httpasyncclient-4.1.4.jar:4.1.4]
	at java.lang.Thread.run(Thread.java:748) ~[na:1.8.0_231]
	Suppressed: java.net.ConnectException: Connection refused: no further information
		... 8 common frames omitted

